2020-11-30 20:55:01,312 INFO - Master received Job [0]
2020-11-30 20:55:01,320 INFO - Sent Task [0_M0] to Worker [1]
2020-11-30 20:55:01,321 INFO - Sent Task [0_M1] to Worker [2]
2020-11-30 20:55:01,322 INFO - Sent Task [0_M2] to Worker [3]
2020-11-30 20:55:01,323 INFO - Sent Task [0_M3] to Worker [1]
2020-11-30 20:55:01,441 INFO - Master received Job [1]
2020-11-30 20:55:01,453 INFO - Sent Task [1_M0] to Worker [2]
2020-11-30 20:55:01,454 INFO - Sent Task [1_M1] to Worker [3]
2020-11-30 20:55:01,456 INFO - Sent Task [1_M2] to Worker [1]
2020-11-30 20:55:01,457 INFO - Sent Task [1_M3] to Worker [2]
2020-11-30 20:55:01,626 INFO - Master received Job [2]
2020-11-30 20:55:01,628 INFO - Sent Task [2_M0] to Worker [3]
2020-11-30 20:55:01,630 INFO - Sent Task [2_M1] to Worker [1]
2020-11-30 20:55:02,017 INFO - Master received Job [3]
2020-11-30 20:55:02,019 INFO - Sent Task [3_M0] to Worker [2]
2020-11-30 20:55:02,020 INFO - Sent Task [3_M1] to Worker [1]
2020-11-30 20:55:02,021 INFO - Sent Task [3_M2] to Worker [2]
2020-11-30 20:55:02,113 INFO - Master received Job [4]
2020-11-30 20:55:02,115 INFO - Sent Task [4_M0] to Worker [2]
2020-11-30 20:55:02,362 INFO - Received Task [0_M0] from Worker [1]
2020-11-30 20:55:03,370 INFO - Received Task [0_M1] from Worker [2]
2020-11-30 20:55:03,420 INFO - Received Task [0_M2] from Worker [3]
2020-11-30 20:55:04,363 INFO - Received Task [1_M0] from Worker [2]
2020-11-30 20:55:04,437 INFO - Received Task [1_M1] from Worker [3]
2020-11-30 20:55:05,370 INFO - Received Task [0_M3] from Worker [1]
2020-11-30 20:55:05,378 INFO - Received Task [1_M3] from Worker [2]
2020-11-30 20:55:05,379 INFO - Sent Task [0_R0] to Worker [3]
2020-11-30 20:55:05,380 INFO - Sent Task [0_R1] to Worker [1]
2020-11-30 20:55:06,370 INFO - Received Task [3_M0] from Worker [2]
2020-11-30 20:55:07,443 INFO - Received Task [2_M0] from Worker [3]
2020-11-30 20:55:08,379 INFO - Received Task [3_M2] from Worker [2]
2020-11-30 20:55:08,464 INFO - Received Task [0_R0] from Worker [3]
2020-11-30 20:55:09,371 INFO - Received Task [1_M2] from Worker [1]
2020-11-30 20:55:09,380 INFO - Sent Task [1_R0] to Worker [2]
2020-11-30 20:55:12,362 INFO - Received Task [2_M1] from Worker [1]
2020-11-30 20:55:12,373 INFO - Received Task [4_M0] from Worker [2]
2020-11-30 20:55:12,374 INFO - Sent Task [2_R0] to Worker [3]
2020-11-30 20:55:12,375 INFO - Sent Task [4_R0] to Worker [1]
2020-11-30 20:55:12,377 INFO - Sent Task [4_R1] to Worker [2]
2020-11-30 20:55:13,380 INFO - Received Task [1_R0] from Worker [2]
2020-11-30 20:55:13,388 INFO - Job [1] successfully finished. Jobs done : 1
2020-11-30 20:55:14,372 INFO - Received Task [3_M1] from Worker [1]
2020-11-30 20:55:14,382 INFO - Sent Task [3_R0] to Worker [3]
2020-11-30 20:55:14,383 INFO - Sent Task [3_R1] to Worker [1]
2020-11-30 20:55:14,433 INFO - Received Task [2_R0] from Worker [3]
2020-11-30 20:55:14,441 INFO - Job [2] successfully finished. Jobs done : 2
2020-11-30 20:55:15,373 INFO - Received Task [0_R1] from Worker [1]
2020-11-30 20:55:15,380 INFO - Job [0] successfully finished. Jobs done : 3
2020-11-30 20:55:15,438 INFO - Received Task [3_R0] from Worker [3]
2020-11-30 20:55:16,381 INFO - Received Task [4_R1] from Worker [2]
2020-11-30 20:55:18,381 INFO - Received Task [4_R0] from Worker [1]
2020-11-30 20:55:18,389 INFO - Job [4] successfully finished. Jobs done : 4
2020-11-30 20:55:21,386 INFO - Received Task [3_R1] from Worker [1]
2020-11-30 20:55:21,394 INFO - Job [3] successfully finished. Jobs done : 5
